warn: Microsoft.AspNetCore.DataProtection.KeyManagement.XmlKeyManager[35]
      No XML encryptor configured. Key {594a6ccf-345d-4743-bc6f-f2751319bc4f} may be persisted to storage in unencrypted form.
warn: Microsoft.AspNetCore.StaticFiles.StaticFileMiddleware[16]
      The WebRootPath was not found: C:\Users\mmalacarne\repo\aski\src\Aski.ControlPlane\wwwroot. Static files may be unavailable.
info: Microsoft.Hosting.Lifetime[14]
      Now listening on: http://localhost:5080
info: Microsoft.Hosting.Lifetime[0]
      Application started. Press Ctrl+C to shut down.
info: Microsoft.Hosting.Lifetime[0]
      Hosting environment: Development
info: Microsoft.Hosting.Lifetime[0]
      Content root path: C:\Users\mmalacarne\repo\aski\src\Aski.ControlPlane
warn: Microsoft.AspNetCore.HttpsPolicy.HttpsRedirectionMiddleware[3]
      Failed to determine the https port for redirect.
info: Microsoft.EntityFrameworkCore.Database.Command[20101]
      Executed DbCommand (16ms) [Parameters=[], CommandType='Text', CommandTimeout='30']
      SELECT s."Id", s."IsTestMode", s."LivePublishableKey", s."LiveSecretKey", s."LiveWebhookSecret", s."TestPublishableKey", s."TestSecretKey", s."TestWebhookSecret", s."UpdatedAtUtc"
      FROM "StripeSettings" AS s
      WHERE s."Id" = 1
      LIMIT 1
info: Microsoft.EntityFrameworkCore.Database.Command[20101]
      Executed DbCommand (4ms) [Parameters=[], CommandType='Text', CommandTimeout='30']
      SELECT count(*)::int
      FROM "Plans" AS p
info: Microsoft.EntityFrameworkCore.Database.Command[20101]
      Executed DbCommand (2ms) [Parameters=[], CommandType='Text', CommandTimeout='30']
      SELECT count(*)::int
      FROM "Servers" AS s
info: Microsoft.EntityFrameworkCore.Database.Command[20101]
      Executed DbCommand (1ms) [Parameters=[], CommandType='Text', CommandTimeout='30']
      SELECT count(*)::int
      FROM "Tenants" AS t
info: Microsoft.EntityFrameworkCore.Database.Command[20101]
      Executed DbCommand (2ms) [Parameters=[], CommandType='Text', CommandTimeout='30']
      SELECT count(*)::int
      FROM "Projects" AS p
info: Microsoft.EntityFrameworkCore.Database.Command[20101]
      Executed DbCommand (2ms) [Parameters=[], CommandType='Text', CommandTimeout='30']
      SELECT count(*)::int
      FROM "Subscriptions" AS s
      WHERE s."Status" = 1
info: Microsoft.EntityFrameworkCore.Database.Command[20101]
      Executed DbCommand (8ms) [Parameters=[@p='?' (DbType = Int32)], CommandType='Text', CommandTimeout='30']
      SELECT p0."Id", p0."AppContainerId", p0."CreatedAtUtc", p0."CustomDomain", p0."DatabaseName", p0."DbContainerId", p0."Name", p0."ProvisioningStatus", p0."ServerId", p0."Subdomain", p0."SubscriptionId", p0."TenantId", p0."UpdatedAtUtc", t."Id", t."BillingEmail", t."CompanyName", t."CreatedAtUtc", t."StripeCustomerId", t."UpdatedAtUtc"
      FROM (
          SELECT p."Id", p."AppContainerId", p."CreatedAtUtc", p."CustomDomain", p."DatabaseName", p."DbContainerId", p."Name", p."ProvisioningStatus", p."ServerId", p."Subdomain", p."SubscriptionId", p."TenantId", p."UpdatedAtUtc"
          FROM "Projects" AS p
          ORDER BY p."CreatedAtUtc" DESC
          LIMIT @p
      ) AS p0
      INNER JOIN "Tenants" AS t ON p0."TenantId" = t."Id"
      ORDER BY p0."CreatedAtUtc" DESC
info: Microsoft.EntityFrameworkCore.Database.Command[20101]
      Executed DbCommand (9ms) [Parameters=[], CommandType='Text', CommandTimeout='30']
      SELECT s."Id", s."IsTestMode", s."LivePublishableKey", s."LiveSecretKey", s."LiveWebhookSecret", s."TestPublishableKey", s."TestSecretKey", s."TestWebhookSecret", s."UpdatedAtUtc"
      FROM "StripeSettings" AS s
      WHERE s."Id" = 1
      LIMIT 1
info: Microsoft.EntityFrameworkCore.Database.Command[20101]
      Executed DbCommand (1ms) [Parameters=[], CommandType='Text', CommandTimeout='30']
      SELECT count(*)::int
      FROM "Plans" AS p
info: Microsoft.EntityFrameworkCore.Database.Command[20101]
      Executed DbCommand (29ms) [Parameters=[], CommandType='Text', CommandTimeout='30']
      SELECT count(*)::int
      FROM "Servers" AS s
info: Microsoft.EntityFrameworkCore.Database.Command[20101]
      Executed DbCommand (2ms) [Parameters=[], CommandType='Text', CommandTimeout='30']
      SELECT count(*)::int
      FROM "Tenants" AS t
info: Microsoft.EntityFrameworkCore.Database.Command[20101]
      Executed DbCommand (17ms) [Parameters=[], CommandType='Text', CommandTimeout='30']
      SELECT count(*)::int
      FROM "Projects" AS p
info: Microsoft.EntityFrameworkCore.Database.Command[20101]
      Executed DbCommand (5ms) [Parameters=[], CommandType='Text', CommandTimeout='30']
      SELECT count(*)::int
      FROM "Subscriptions" AS s
      WHERE s."Status" = 1
info: Microsoft.EntityFrameworkCore.Database.Command[20101]
      Executed DbCommand (49ms) [Parameters=[@p='?' (DbType = Int32)], CommandType='Text', CommandTimeout='30']
      SELECT p0."Id", p0."AppContainerId", p0."CreatedAtUtc", p0."CustomDomain", p0."DatabaseName", p0."DbContainerId", p0."Name", p0."ProvisioningStatus", p0."ServerId", p0."Subdomain", p0."SubscriptionId", p0."TenantId", p0."UpdatedAtUtc", t."Id", t."BillingEmail", t."CompanyName", t."CreatedAtUtc", t."StripeCustomerId", t."UpdatedAtUtc"
      FROM (
          SELECT p."Id", p."AppContainerId", p."CreatedAtUtc", p."CustomDomain", p."DatabaseName", p."DbContainerId", p."Name", p."ProvisioningStatus", p."ServerId", p."Subdomain", p."SubscriptionId", p."TenantId", p."UpdatedAtUtc"
          FROM "Projects" AS p
          ORDER BY p."CreatedAtUtc" DESC
          LIMIT @p
      ) AS p0
      INNER JOIN "Tenants" AS t ON p0."TenantId" = t."Id"
      ORDER BY p0."CreatedAtUtc" DESC
info: Microsoft.EntityFrameworkCore.Database.Command[20101]
      Executed DbCommand (2ms) [Parameters=[], CommandType='Text', CommandTimeout='30']
      SELECT s."Id", s."IsTestMode", s."LivePublishableKey", s."LiveSecretKey", s."LiveWebhookSecret", s."TestPublishableKey", s."TestSecretKey", s."TestWebhookSecret", s."UpdatedAtUtc"
      FROM "StripeSettings" AS s
      WHERE s."Id" = 1
      LIMIT 1
info: Microsoft.EntityFrameworkCore.Database.Command[20101]
      Executed DbCommand (2ms) [Parameters=[], CommandType='Text', CommandTimeout='30']
      SELECT p."Id", p."Amount", p."CreatedAtUtc", p."Currency", p."Description", p."IsActive", p."Name", p."Period", p."StripePriceId", p."StripeProductId", p."UpdatedAtUtc"
      FROM "Plans" AS p
      ORDER BY p."Name"
info: Microsoft.EntityFrameworkCore.Database.Command[20101]
      Executed DbCommand (1ms) [Parameters=[], CommandType='Text', CommandTimeout='30']
      SELECT EXISTS (
          SELECT 1
          FROM "StripeSettings" AS s
          WHERE s."Id" = 1)
info: Microsoft.EntityFrameworkCore.Database.Command[20101]
      Executed DbCommand (3ms) [Parameters=[], CommandType='Text', CommandTimeout='30']
      SELECT s."Id", s."ConfigJson", s."CreatedAtUtc", s."Hostname", s."IsEnabled", s."MaxProjectsPerDbContainer", s."Name", s."Region", s."Type", s."UpdatedAtUtc", d."Id", d."ContainerName", d."CreatedAtUtc", d."CurrentProjectCount", d."Host", d."IsFull", d."Port", d."RuntimeContainerId", d."ServerId", d.xmin
      FROM "Servers" AS s
      LEFT JOIN "DbContainers" AS d ON s."Id" = d."ServerId"
      ORDER BY s."Name", s."Id"
warn: Microsoft.EntityFrameworkCore.Query[20504]
      Compiling a query which loads related collections for more than one collection navigation, either via 'Include' or through projection, but no 'QuerySplittingBehavior' has been configured. By default, Entity Framework will use 'QuerySplittingBehavior.SingleQuery', which can potentially result in slow query performance. See https://go.microsoft.com/fwlink/?linkid=2134277 for more information. To identify the query that's triggering this warning call 'ConfigureWarnings(w => w.Throw(RelationalEventId.MultipleCollectionIncludeWarning))'.
info: Microsoft.EntityFrameworkCore.Database.Command[20101]
      Executed DbCommand (2ms) [Parameters=[], CommandType='Text', CommandTimeout='30']
      SELECT t."Id", t."BillingEmail", t."CompanyName", t."CreatedAtUtc", t."StripeCustomerId", t."UpdatedAtUtc", p."Id", p."AppContainerId", p."CreatedAtUtc", p."CustomDomain", p."DatabaseName", p."DbContainerId", p."Name", p."ProvisioningStatus", p."ServerId", p."Subdomain", p."SubscriptionId", p."TenantId", p."UpdatedAtUtc", s."Id", s."CancelAtPeriodEnd", s."CreatedAtUtc", s."CurrentPeriodEndUtc", s."PlanId", s."Status", s."StripeCustomerId", s."StripeSubscriptionId", s."TenantId", s."UpdatedAtUtc"
      FROM "Tenants" AS t
      LEFT JOIN "Projects" AS p ON t."Id" = p."TenantId"
      LEFT JOIN "Subscriptions" AS s ON t."Id" = s."TenantId"
      ORDER BY t."CreatedAtUtc" DESC, t."Id", p."Id"
info: Microsoft.EntityFrameworkCore.Database.Command[20101]
      Executed DbCommand (2ms) [Parameters=[], CommandType='Text', CommandTimeout='30']
      SELECT s."Id", s."IsTestMode", s."LivePublishableKey", s."LiveSecretKey", s."LiveWebhookSecret", s."TestPublishableKey", s."TestSecretKey", s."TestWebhookSecret", s."UpdatedAtUtc"
      FROM "StripeSettings" AS s
      WHERE s."Id" = 1
      LIMIT 1
info: Microsoft.EntityFrameworkCore.Database.Command[20101]
      Executed DbCommand (1ms) [Parameters=[], CommandType='Text', CommandTimeout='30']
      SELECT count(*)::int
      FROM "Plans" AS p
info: Microsoft.EntityFrameworkCore.Database.Command[20101]
      Executed DbCommand (1ms) [Parameters=[], CommandType='Text', CommandTimeout='30']
      SELECT count(*)::int
      FROM "Servers" AS s
info: Microsoft.EntityFrameworkCore.Database.Command[20101]
      Executed DbCommand (1ms) [Parameters=[], CommandType='Text', CommandTimeout='30']
      SELECT count(*)::int
      FROM "Tenants" AS t
info: Microsoft.EntityFrameworkCore.Database.Command[20101]
      Executed DbCommand (56ms) [Parameters=[], CommandType='Text', CommandTimeout='30']
      SELECT count(*)::int
      FROM "Projects" AS p
info: Microsoft.EntityFrameworkCore.Database.Command[20101]
      Executed DbCommand (2ms) [Parameters=[], CommandType='Text', CommandTimeout='30']
      SELECT count(*)::int
      FROM "Subscriptions" AS s
      WHERE s."Status" = 1
info: Microsoft.EntityFrameworkCore.Database.Command[20101]
      Executed DbCommand (2ms) [Parameters=[@p='?' (DbType = Int32)], CommandType='Text', CommandTimeout='30']
      SELECT p0."Id", p0."AppContainerId", p0."CreatedAtUtc", p0."CustomDomain", p0."DatabaseName", p0."DbContainerId", p0."Name", p0."ProvisioningStatus", p0."ServerId", p0."Subdomain", p0."SubscriptionId", p0."TenantId", p0."UpdatedAtUtc", t."Id", t."BillingEmail", t."CompanyName", t."CreatedAtUtc", t."StripeCustomerId", t."UpdatedAtUtc"
      FROM (
          SELECT p."Id", p."AppContainerId", p."CreatedAtUtc", p."CustomDomain", p."DatabaseName", p."DbContainerId", p."Name", p."ProvisioningStatus", p."ServerId", p."Subdomain", p."SubscriptionId", p."TenantId", p."UpdatedAtUtc"
          FROM "Projects" AS p
          ORDER BY p."CreatedAtUtc" DESC
          LIMIT @p
      ) AS p0
      INNER JOIN "Tenants" AS t ON p0."TenantId" = t."Id"
      ORDER BY p0."CreatedAtUtc" DESC
info: Microsoft.EntityFrameworkCore.Database.Command[20101]
      Executed DbCommand (2ms) [Parameters=[], CommandType='Text', CommandTimeout='30']
      SELECT t."Id", t."BillingEmail", t."CompanyName", t."CreatedAtUtc", t."StripeCustomerId", t."UpdatedAtUtc", p."Id", p."AppContainerId", p."CreatedAtUtc", p."CustomDomain", p."DatabaseName", p."DbContainerId", p."Name", p."ProvisioningStatus", p."ServerId", p."Subdomain", p."SubscriptionId", p."TenantId", p."UpdatedAtUtc", s."Id", s."CancelAtPeriodEnd", s."CreatedAtUtc", s."CurrentPeriodEndUtc", s."PlanId", s."Status", s."StripeCustomerId", s."StripeSubscriptionId", s."TenantId", s."UpdatedAtUtc"
      FROM "Tenants" AS t
      LEFT JOIN "Projects" AS p ON t."Id" = p."TenantId"
      LEFT JOIN "Subscriptions" AS s ON t."Id" = s."TenantId"
      ORDER BY t."CreatedAtUtc" DESC, t."Id", p."Id"
info: Microsoft.EntityFrameworkCore.Database.Command[20101]
      Executed DbCommand (10ms) [Parameters=[@p0='?', @p1='?', @p2='?' (DbType = DateTime), @p3='?', @p4='?' (DbType = DateTime)], CommandType='Text', CommandTimeout='30']
      INSERT INTO "Tenants" ("BillingEmail", "CompanyName", "CreatedAtUtc", "StripeCustomerId", "UpdatedAtUtc")
      VALUES (@p0, @p1, @p2, @p3, @p4)
      RETURNING "Id";
info: Microsoft.EntityFrameworkCore.Database.Command[20101]
      Executed DbCommand (2ms) [Parameters=[], CommandType='Text', CommandTimeout='30']
      SELECT t."Id", t."BillingEmail", t."CompanyName", t."CreatedAtUtc", t."StripeCustomerId", t."UpdatedAtUtc", p."Id", p."AppContainerId", p."CreatedAtUtc", p."CustomDomain", p."DatabaseName", p."DbContainerId", p."Name", p."ProvisioningStatus", p."ServerId", p."Subdomain", p."SubscriptionId", p."TenantId", p."UpdatedAtUtc", s."Id", s."CancelAtPeriodEnd", s."CreatedAtUtc", s."CurrentPeriodEndUtc", s."PlanId", s."Status", s."StripeCustomerId", s."StripeSubscriptionId", s."TenantId", s."UpdatedAtUtc"
      FROM "Tenants" AS t
      LEFT JOIN "Projects" AS p ON t."Id" = p."TenantId"
      LEFT JOIN "Subscriptions" AS s ON t."Id" = s."TenantId"
      ORDER BY t."CreatedAtUtc" DESC, t."Id", p."Id"
info: Microsoft.EntityFrameworkCore.Database.Command[20101]
      Executed DbCommand (2ms) [Parameters=[], CommandType='Text', CommandTimeout='30']
      SELECT t."Id", t."BillingEmail", t."CompanyName", t."CreatedAtUtc", t."StripeCustomerId", t."UpdatedAtUtc", p."Id", p."AppContainerId", p."CreatedAtUtc", p."CustomDomain", p."DatabaseName", p."DbContainerId", p."Name", p."ProvisioningStatus", p."ServerId", p."Subdomain", p."SubscriptionId", p."TenantId", p."UpdatedAtUtc", s."Id", s."CancelAtPeriodEnd", s."CreatedAtUtc", s."CurrentPeriodEndUtc", s."PlanId", s."Status", s."StripeCustomerId", s."StripeSubscriptionId", s."TenantId", s."UpdatedAtUtc"
      FROM "Tenants" AS t
      LEFT JOIN "Projects" AS p ON t."Id" = p."TenantId"
      LEFT JOIN "Subscriptions" AS s ON t."Id" = s."TenantId"
      ORDER BY t."CreatedAtUtc" DESC, t."Id", p."Id"
